interface: Tunnel200
    Crypto map tag: Tunnel200-head-0, local addr 10.0.35.2

   protected vrf: (none)
   local  ident (addr/mask/prot/port): (10.0.35.2/255.255.255.255/47/0)
   remote ident (addr/mask/prot/port): (10.0.33.2/255.255.255.255/47/0)
   current_peer 10.0.33.2 port 500
     PERMIT, flags={origin_is_acl,}
    #pkts encaps: 2837351, #pkts encrypt: 2837351, #pkts digest: 2837351
    #pkts decaps: 2837156, #pkts decrypt: 2837156, #pkts verify: 2837156
    #pkts compressed: 0, #pkts decompressed: 0
    #pkts not compressed: 0, #pkts compr. failed: 0
    #pkts not decompressed: 0, #pkts decompress failed: 0
    #send errors 0, #recv errors 0

     local crypto endpt.: 10.0.35.2, remote crypto endpt.: 10.0.33.2
     plaintext mtu 1458, path mtu 1500, ip mtu 1500, ip mtu idb GigabitEthernet0/0/0
     current outbound spi: 0x6D9D40B4(1839022260)
     PFS (Y/N): N, DH group: none

     inbound esp sas:
      spi: 0x3C8D9EEA(1015914218)
        transform: esp-256-aes esp-sha-hmac ,
        in use settings ={Transport, }
        conn id: 2451, flow_id: ESG:451, sibling_flags FFFFFFFF80000008, crypto map: Tunnel200-head-0
        sa timing: remaining key lifetime (k/sec): (4605529/1001)
        IV size: 16 bytes
        replay detection support: Y
        Status: ACTIVE(ACTIVE)

     inbound ah sas:

     inbound pcp sas:

     outbound esp sas:
      spi: 0x6D9D40B4(1839022260)
        transform: esp-256-aes esp-sha-hmac ,
        in use settings ={Transport, }
        conn id: 2452, flow_id: ESG:452, sibling_flags FFFFFFFF80000008, crypto map: Tunnel200-head-0
        sa timing: remaining key lifetime (k/sec): (4606263/1001)
        IV size: 16 bytes
        replay detection support: Y
        Status: ACTIVE(ACTIVE)

     outbound ah sas:

     outbound pcp sas:

interface: GigabitEthernet0/0/0
    Crypto map tag: CMAP-SITE1, local addr 10.0.35.2

   protected vrf: (none)
   local  ident (addr/mask/prot/port): (10.0.35.2/255.255.255.255/0/0)
   remote ident (addr/mask/prot/port): (10.0.33.2/255.255.255.255/0/0)
   current_peer 10.0.33.2 port 500
     PERMIT, flags={origin_is_acl,}
    #pkts encaps: 6234202, #pkts encrypt: 6234202, #pkts digest: 6234202
    #pkts decaps: 6233540, #pkts decrypt: 6233540, #pkts verify: 6233540
    #pkts compressed: 0, #pkts decompressed: 0
    #pkts not compressed: 0, #pkts compr. failed: 0
    #pkts not decompressed: 0, #pkts decompress failed: 0
    #send errors 0, #recv errors 0

     local crypto endpt.: 10.0.35.2, remote crypto endpt.: 10.0.33.2
     plaintext mtu 1422, path mtu 1500, ip mtu 1500, ip mtu idb GigabitEthernet0/0/0
     current outbound spi: 0x3558267E(894969470)
     PFS (Y/N): N, DH group: none

     inbound esp sas:
      spi: 0x707999ED(1887017453)
        transform: esp-aes esp-sha512-hmac ,
        in use settings ={Tunnel, }
        conn id: 2453, flow_id: ESG:453, sibling_flags FFFFFFFF80000048, crypto map: CMAP-SITE1
        sa timing: remaining key lifetime (k/sec): (4604126/3570)
        IV size: 16 bytes
        replay detection support: Y
        Status: ACTIVE(ACTIVE)

     inbound ah sas:

     inbound pcp sas:

     outbound esp sas:
      spi: 0x3558267E(894969470)
        transform: esp-aes esp-sha512-hmac ,
        in use settings ={Tunnel, }
        conn id: 2454, flow_id: ESG:454, sibling_flags FFFFFFFF80000048, crypto map: CMAP-SITE1
        sa timing: remaining key lifetime (k/sec): (4605124/3570)
        IV size: 16 bytes
        replay detection support: Y
        Status: ACTIVE(ACTIVE)

     outbound ah sas:

     outbound pcp sas: